<?xml version="1.0" encoding="UTF-8"?>
<testng-results skipped="0" failed="0" ignored="0" total="2" passed="2">
  <reporter-output>
  </reporter-output>
  <suite name="testsuite" duration-ms="14793" started-at="2022-12-12T18:33:10 GMT" finished-at="2022-12-12T18:33:25 GMT">
    <groups>
    </groups>
    <test name="Login Test" duration-ms="14793" started-at="2022-12-12T18:33:10 GMT" finished-at="2022-12-12T18:33:25 GMT">
      <class name="com.altimateqa.courses.testsuit.LoginTest">
        <test-method status="PASS" signature="setUp()[pri:0, instance:com.altimateqa.courses.testsuit.LoginTest@5c18298f]" name="setUp" is-config="true" duration-ms="5199" started-at="2022-12-12T18:33:10 GMT" finished-at="2022-12-12T18:33:16 GMT">
          <reporter-output>
          </reporter-output>
        </test-method> <!-- setUp -->
        <test-method status="PASS" signature="inIt()[pri:0, instance:com.altimateqa.courses.testsuit.LoginTest@5c18298f]" name="inIt" is-config="true" duration-ms="1" started-at="2022-12-12T18:33:16 GMT" finished-at="2022-12-12T18:33:16 GMT">
          <reporter-output>
          </reporter-output>
        </test-method> <!-- inIt -->
        <test-method status="PASS" signature="verifyTheErrorMessage()[pri:0, instance:com.altimateqa.courses.testsuit.LoginTest@5c18298f]" name="verifyTheErrorMessage" duration-ms="2756" started-at="2022-12-12T18:33:16 GMT" finished-at="2022-12-12T18:33:18 GMT">
          <reporter-output>
          </reporter-output>
        </test-method> <!-- verifyTheErrorMessage -->
        <test-method status="PASS" signature="tearDown()[pri:0, instance:com.altimateqa.courses.testsuit.LoginTest@5c18298f]" name="tearDown" is-config="true" duration-ms="777" started-at="2022-12-12T18:33:18 GMT" finished-at="2022-12-12T18:33:19 GMT">
          <reporter-output>
          </reporter-output>
        </test-method> <!-- tearDown -->
        <test-method status="PASS" signature="setUp()[pri:0, instance:com.altimateqa.courses.testsuit.LoginTest@5c18298f]" name="setUp" is-config="true" duration-ms="3607" started-at="2022-12-12T18:33:19 GMT" finished-at="2022-12-12T18:33:23 GMT">
          <reporter-output>
          </reporter-output>
        </test-method> <!-- setUp -->
        <test-method status="PASS" signature="inIt()[pri:0, instance:com.altimateqa.courses.testsuit.LoginTest@5c18298f]" name="inIt" is-config="true" duration-ms="1" started-at="2022-12-12T18:33:23 GMT" finished-at="2022-12-12T18:33:23 GMT">
          <reporter-output>
          </reporter-output>
        </test-method> <!-- inIt -->
        <test-method status="PASS" signature="verifyUserShouldNavigateToLoginPageSuccessfully()[pri:0, instance:com.altimateqa.courses.testsuit.LoginTest@5c18298f]" name="verifyUserShouldNavigateToLoginPageSuccessfully" duration-ms="1390" started-at="2022-12-12T18:33:23 GMT" finished-at="2022-12-12T18:33:24 GMT">
          <reporter-output>
          </reporter-output>
        </test-method> <!-- verifyUserShouldNavigateToLoginPageSuccessfully -->
        <test-method status="PASS" signature="tearDown()[pri:0, instance:com.altimateqa.courses.testsuit.LoginTest@5c18298f]" name="tearDown" is-config="true" duration-ms="767" started-at="2022-12-12T18:33:24 GMT" finished-at="2022-12-12T18:33:25 GMT">
          <reporter-output>
          </reporter-output>
        </test-method> <!-- tearDown -->
      </class> <!-- com.altimateqa.courses.testsuit.LoginTest -->
    </test> <!-- Login Test -->
  </suite> <!-- testsuite -->
</testng-results>
