<?xml version="1.0" encoding="UTF-8"?>
<!-- Generated by org.testng.reporters.JUnitXMLReporter -->
<testsuite hostname="vimal" ignored="0" name="Login Test" tests="2" failures="0" timestamp="2022-12-12T18:33:25 GMT" time="14.793" errors="0">
  <testcase name="verifyTheErrorMessage" time="2.756" classname="com.altimateqa.courses.testsuit.LoginTest"/>
  <testcase name="verifyUserShouldNavigateToLoginPageSuccessfully" time="1.39" classname="com.altimateqa.courses.testsuit.LoginTest"/>
</testsuite> <!-- Login Test -->
